app/build/outputs/logs/manifest-merger-debug-report.txt
-- Merging decision tree log ---
manifest
ADDED from src\main\AndroidManifest.xml:2:1-208:12
	package
		ADDED from src\main\AndroidManifest.xml:3:5-35
		INJECTED from src\main\AndroidManifest.xml
		INJECTED from src\main\AndroidManifest.xml
	android:sharedUserId
		ADDED from src\main\AndroidManifest.xml:4:5-53
	android:versionName
		ADDED from src\main\AndroidManifest.xml:6:5-32
		INJECTED from src\main\AndroidManifest.xml
		INJECTED from src\main\AndroidManifest.xml
	android:versionCode
		ADDED from src\main\AndroidManifest.xml:5:5-28
		INJECTED from src\main\AndroidManifest.xml
		INJECTED from src\main\AndroidManifest.xml
	xmlns:android
		ADDED from src\main\AndroidManifest.xml:2:11-69
uses-sdk
ADDED from src\main\AndroidManifest.xml:8:5-10:41
	android:targetSdkVersion
		ADDED from src\main\AndroidManifest.xml:10:9-38
		INJECTED from src\main\AndroidManifest.xml
		INJECTED from src\main\AndroidManifest.xml
	android:minSdkVersion
		ADDED from src\main\AndroidManifest.xml:9:9-35
		INJECTED from src\main\AndroidManifest.xml
		INJECTED from src\main\AndroidManifest.xml
supports-screens
ADDED from src\main\AndroidManifest.xml:12:5-17:39
	android:largeScreens
		ADDED from src\main\AndroidManifest.xml:14:9-36
	android:smallScreens
		ADDED from src\main\AndroidManifest.xml:17:9-36
	android:normalScreens
		ADDED from src\main\AndroidManifest.xml:15:9-37
	android:resizeable
		ADDED from src\main\AndroidManifest.xml:16:9-34
	android:anyDensity
		ADDED from src\main\AndroidManifest.xml:13:9-34
uses-permission#android.permission.BATTERY_STATS
ADDED from src\main\AndroidManifest.xml:19:5-72
	android:name
		ADDED from src\main\AndroidManifest.xml:19:22-69
uses-permission#android.permission.SYSTEM_ALERT_WINDOW
ADDED from src\main\AndroidManifest.xml:20:5-78
	android:name
		ADDED from src\main\AndroidManifest.xml:20:22-75
uses-permission#android.permission.SYSTEM_OVERLAY_WINDOW
ADDED from src\main\AndroidManifest.xml:21:5-80
	android:name
		ADDED from src\main\AndroidManifest.xml:21:22-77
uses-permission#android.permission.READ_CONTACTS
ADDED from src\main\AndroidManifest.xml:23:5-72
	android:name
		ADDED from src\main\AndroidManifest.xml:23:22-69
uses-permission#android.permission.READ_PHONE_STATE
ADDED from src\main\AndroidManifest.xml:24:5-75
	android:name
		ADDED from src\main\AndroidManifest.xml:24:22-72
uses-permission#android.permission.INTERNET
ADDED from src\main\AndroidManifest.xml:25:5-67
	android:name
		ADDED from src\main\AndroidManifest.xml:25:22-64
uses-permission#android.permission.ACCESS_NETWORK_STATE
ADDED from src\main\AndroidManifest.xml:26:5-79
	android:name
		ADDED from src\main\AndroidManifest.xml:26:22-76
uses-permission#android.permission.ACCESS_WIFI_STATE
ADDED from src\main\AndroidManifest.xml:27:5-76
	android:name
		ADDED from src\main\AndroidManifest.xml:27:22-73
uses-permission#android.permission.MOUNT_UNMOUNT_FILESYSTEMS
ADDED from src\main\AndroidManifest.xml:28:5-84
	android:name
		ADDED from src\main\AndroidManifest.xml:28:22-81
uses-permission#android.permission.WRITE_EXTERNAL_STORAGE
ADDED from src\main\AndroidManifest.xml:30:5-81
	android:name
		ADDED from src\main\AndroidManifest.xml:30:22-78
uses-permission#android.permission.RESTART_PACKAGES
ADDED from src\main\AndroidManifest.xml:31:5-75
	android:name
		ADDED from src\main\AndroidManifest.xml:31:22-72
uses-permission#android.permission.READ_EXTERNAL_STORAGE
ADDED from src\main\AndroidManifest.xml:32:5-80
	android:name
		ADDED from src\main\AndroidManifest.xml:32:22-77
uses-permission#android.permission.BLUETOOTH
ADDED from src\main\AndroidManifest.xml:34:5-68
	android:name
		ADDED from src\main\AndroidManifest.xml:34:22-65
uses-permission#android.permission.BLUETOOTH_ADMIN
ADDED from src\main\AndroidManifest.xml:35:5-74
	android:name
		ADDED from src\main\AndroidManifest.xml:35:22-71
uses-permission#android.permission.WAKE_LOCK
ADDED from src\main\AndroidManifest.xml:37:5-68
	android:name
		ADDED from src\main\AndroidManifest.xml:37:22-65
uses-permission#android.permission.ACCESS_FINE_LOCATION
ADDED from src\main\AndroidManifest.xml:40:5-79
	android:name
		ADDED from src\main\AndroidManifest.xml:40:22-76
uses-permission#android.permission.ACCESS_COARSE_LOCATION
ADDED from src\main\AndroidManifest.xml:41:5-81
	android:name
		ADDED from src\main\AndroidManifest.xml:41:22-78
uses-feature#android.hardware.bluetooth_le
ADDED from src\main\AndroidManifest.xml:43:5-45:35
	android:required
		ADDED from src\main\AndroidManifest.xml:45:9-32
	android:name
		ADDED from src\main\AndroidManifest.xml:44:9-53
uses-permission#android.permission.RECEIVE_BOOT_COMPLETED
ADDED from src\main\AndroidManifest.xml:47:5-81
	android:name
		ADDED from src\main\AndroidManifest.xml:47:22-78
application
ADDED from src\main\AndroidManifest.xml:49:5-206:19
	android:label
		ADDED from src\main\AndroidManifest.xml:54:9-41
	android:hardwareAccelerated
		ADDED from src\main\AndroidManifest.xml:52:9-44
	android:allowBackup
		ADDED from src\main\AndroidManifest.xml:51:9-35
	android:icon
		ADDED from src\main\AndroidManifest.xml:53:9-45
	android:largeHeap
		ADDED from src\main\AndroidManifest.xml:55:9-33
	android:persistent
		ADDED from src\main\AndroidManifest.xml:56:9-34
	android:theme
		ADDED from src\main\AndroidManifest.xml:57:9-68
	android:name
		ADDED from src\main\AndroidManifest.xml:50:9-67
activity#thoth.holter.ecg_010.login.LoginActivity
ADDED from src\main\AndroidManifest.xml:72:9-83:20
	android:screenOrientation
		ADDED from src\main\AndroidManifest.xml:75:13-49
	android:label
		ADDED from src\main\AndroidManifest.xml:74:13-45
	android:name
		ADDED from src\main\AndroidManifest.xml:73:13-68
intent-filter#android.intent.action.MAIN+android.intent.category.DEFAULT+android.intent.category.HOME+android.intent.category.LAUNCHER
ADDED from src\main\AndroidManifest.xml:76:13-82:29
action#android.intent.action.MAIN
ADDED from src\main\AndroidManifest.xml:77:17-69
	android:name
		ADDED from src\main\AndroidManifest.xml:77:25-66
category#android.intent.category.LAUNCHER
ADDED from src\main\AndroidManifest.xml:79:17-77
	android:name
		ADDED from src\main\AndroidManifest.xml:79:27-74
category#android.intent.category.DEFAULT
ADDED from src\main\AndroidManifest.xml:80:17-76
	android:name
		ADDED from src\main\AndroidManifest.xml:80:27-73
category#android.intent.category.HOME
ADDED from src\main\AndroidManifest.xml:81:17-73
	android:name
		ADDED from src\main\AndroidManifest.xml:81:27-70
activity#thoth.holter.ecg_010.login.RegisterActivity
ADDED from src\main\AndroidManifest.xml:84:9-87:20
	android:screenOrientation
		ADDED from src\main\AndroidManifest.xml:86:13-49
	android:name
		ADDED from src\main\AndroidManifest.xml:85:13-71
activity#thoth.holter.ecg_010.login.ResetPwdActivity
ADDED from src\main\AndroidManifest.xml:88:9-91:20
	android:screenOrientation
		ADDED from src\main\AndroidManifest.xml:90:13-49
	android:name
		ADDED from src\main\AndroidManifest.xml:89:13-71
activity#thoth.holter.ecg_010.main.ModeActivity
ADDED from src\main\AndroidManifest.xml:92:9-99:20
	android:screenOrientation
		ADDED from src\main\AndroidManifest.xml:95:13-49
	android:configChanges
		ADDED from src\main\AndroidManifest.xml:94:13-186
	android:name
		ADDED from src\main\AndroidManifest.xml:93:13-66
intent-filter#android.intent.category.DEFAULT
ADDED from src\main\AndroidManifest.xml:96:13-98:29
activity#thoth.holter.ecg_010.main.EcgActivity
ADDED from src\main\AndroidManifest.xml:100:9-104:20
	android:screenOrientation
		ADDED from src\main\AndroidManifest.xml:103:13-49
	android:configChanges
		ADDED from src\main\AndroidManifest.xml:102:13-186
	android:name
		ADDED from src\main\AndroidManifest.xml:101:13-65
activity#thoth.holter.ecg_010.settings.SettingsActivity
ADDED from src\main\AndroidManifest.xml:105:9-109:20
	android:screenOrientation
		ADDED from src\main\AndroidManifest.xml:108:13-49
	android:configChanges
		ADDED from src\main\AndroidManifest.xml:107:13-186
	android:name
		ADDED from src\main\AndroidManifest.xml:106:13-74
activity#thoth.holter.ecg_010.settings.MyInfoActivity
ADDED from src\main\AndroidManifest.xml:110:9-114:20
	android:screenOrientation
		ADDED from src\main\AndroidManifest.xml:113:13-49
	android:configChanges
		ADDED from src\main\AndroidManifest.xml:112:13-186
	android:name
		ADDED from src\main\AndroidManifest.xml:111:13-72
activity#thoth.holter.ecg_010.settings.OptionSettingsActivity
ADDED from src\main\AndroidManifest.xml:115:9-119:20
	android:screenOrientation
		ADDED from src\main\AndroidManifest.xml:118:13-49
	android:configChanges
		ADDED from src\main\AndroidManifest.xml:117:13-186
	android:name
		ADDED from src\main\AndroidManifest.xml:116:13-80
activity#thoth.holter.ecg_010.settings.AddFamilyActivity
ADDED from src\main\AndroidManifest.xml:120:9-123:20
	android:screenOrientation
		ADDED from src\main\AndroidManifest.xml:122:13-49
	android:name
		ADDED from src\main\AndroidManifest.xml:121:13-75
activity#thoth.holter.ecg_010.settings.AddContactActivity
ADDED from src\main\AndroidManifest.xml:124:9-127:20
	android:screenOrientation
		ADDED from src\main\AndroidManifest.xml:126:13-49
	android:name
		ADDED from src\main\AndroidManifest.xml:125:13-76
receiver#thoth.holter.ecg_010.receiver.NetChangeReceiver
ADDED from src\main\AndroidManifest.xml:129:9-133:20
	android:name
		ADDED from src\main\AndroidManifest.xml:129:19-81
intent-filter#android.net.conn.CONNECTIVITY_CHANGE
ADDED from src\main\AndroidManifest.xml:130:13-132:29
action#android.net.conn.CONNECTIVITY_CHANGE
ADDED from src\main\AndroidManifest.xml:131:17-79
	android:name
		ADDED from src\main\AndroidManifest.xml:131:25-76
receiver#thoth.holter.ecg_010.receiver.BootCompleteReceiver
ADDED from src\main\AndroidManifest.xml:164:9-171:20
	android:label
		ADDED from src\main\AndroidManifest.xml:166:13-45
	android:name
		ADDED from src\main\AndroidManifest.xml:165:13-78
intent-filter#android.intent.action.BOOT_COMPLETED+android.intent.category.LAUNCHER
ADDED from src\main\AndroidManifest.xml:164:9-170:29
action#android.intent.action.BOOT_COMPLETED
ADDED from src\main\AndroidManifest.xml:167:17-79
	android:name
		ADDED from src\main\AndroidManifest.xml:167:25-76
activity#thoth.holter.ecg_010.settings.ModifyPwdActivity
ADDED from src\main\AndroidManifest.xml:173:9-176:20
	android:label
		ADDED from src\main\AndroidManifest.xml:175:13-62
	android:name
		ADDED from src\main\AndroidManifest.xml:174:13-75
activity#thoth.holter.ecg_010.settings.UploadActivity
ADDED from src\main\AndroidManifest.xml:177:9-180:20
	android:label
		ADDED from src\main\AndroidManifest.xml:179:13-58
	android:name
		ADDED from src\main\AndroidManifest.xml:178:13-72
service#thoth.holter.ecg_010.services.BluetoothLeService
ADDED from src\main\AndroidManifest.xml:182:9-186:19
	android:enabled
		ADDED from src\main\AndroidManifest.xml:184:13-35
	android:priority
		ADDED from src\main\AndroidManifest.xml:185:13-35
	android:name
		ADDED from src\main\AndroidManifest.xml:183:13-76
service#thoth.holter.ecg_010.services.GuardService
ADDED from src\main\AndroidManifest.xml:187:9-192:19
	android:enabled
		ADDED from src\main\AndroidManifest.xml:189:13-35
	android:priority
		ADDED from src\main\AndroidManifest.xml:191:13-36
	android:persistent
		ADDED from src\main\AndroidManifest.xml:190:13-38
	android:name
		ADDED from src\main\AndroidManifest.xml:188:13-70
service#thoth.holter.ecg_010.services.BleDomainService
ADDED from src\main\AndroidManifest.xml:193:9-196:48
	android:enabled
		ADDED from src\main\AndroidManifest.xml:195:13-35
	android:label
		ADDED from src\main\AndroidManifest.xml:196:13-45
	android:name
		ADDED from src\main\AndroidManifest.xml:194:13-74
service#thoth.holter.ecg_010.services.BleDataParserService
ADDED from src\main\AndroidManifest.xml:197:9-201:19
	android:enabled
		ADDED from src\main\AndroidManifest.xml:199:13-35
	android:priority
		ADDED from src\main\AndroidManifest.xml:200:13-35
	android:name
		ADDED from src\main\AndroidManifest.xml:198:13-78
service#thoth.holter.ecg_010.services.GpsService
ADDED from src\main\AndroidManifest.xml:202:9-205:37
	android:enabled
		ADDED from src\main\AndroidManifest.xml:204:13-36
	android:label
		ADDED from src\main\AndroidManifest.xml:205:13-34
	android:name
		ADDED from src\main\AndroidManifest.xml:203:13-68